<?xml version="1.0" encoding="UTF-8"?>
<!-- Generated by org.testng.reporters.JUnitReportReporter -->
<testsuite skipped="0" hostname="hiran-PC" name="obtenerRequest.obtenerData" tests="3" failures="0" timestamp="12 Aug 2019 23:24:05 GMT" time="6.369" errors="0">
  <testcase name="corto" time="5.602" classname="obtenerRequest.obtenerData"/>
  <testcase name="largo" time="0.400" classname="obtenerRequest.obtenerData"/>
  <testcase name="testResponsecode" time="0.367" classname="obtenerRequest.obtenerData"/>
</testsuite> <!-- obtenerRequest.obtenerData -->
